2023-05-24 14:09:49,362 - INFO - Namespace(method='GraphCL_AUG_OGSN', dataset='IMDB-BINARY', feature='sub', dataset_file='IMDB-BINARY_global_complete_graph_5.pt', seed=42, times=5, save_path='log/GraphCL_AUG_OGSN_sub_IMDB-BINARY/IMDB-BINARY_global_complete_graph_5', device=device(type='cpu'), pn=0.2, factor=0.2, cal_weight='node', core='both', epoch=100, batch_size=64, shuffle=True, hid_units=128, num_layer=2, sample=None, interval=20, save_model=False, save_embed=False, eval_model=True, norm=False)
2023-05-24 14:09:49,362 - INFO - Output path: log/GraphCL_AUG_OGSN_sub_IMDB-BINARY/IMDB-BINARY_global_complete_graph_5_0.2
2023-05-24 14:09:49,688 - INFO - Dataset is ok.
2023-05-24 14:09:54,479 - INFO - Preprocessing is ok.
2023-05-24 14:09:59,669 - INFO - T1, epoch:1, loss:78.9525
2023-05-24 14:10:04,932 - INFO - T1, epoch:2, loss:51.8165
2023-05-24 14:10:09,804 - INFO - T1, epoch:3, loss:46.5158
2023-05-24 14:10:14,650 - INFO - T1, epoch:4, loss:42.5615
2023-05-24 14:10:19,618 - INFO - T1, epoch:5, loss:38.8264
2023-05-24 14:10:24,557 - INFO - T1, epoch:6, loss:36.3840
2023-05-24 14:10:29,484 - INFO - T1, epoch:7, loss:34.9712
2023-05-24 14:10:34,236 - INFO - T1, epoch:8, loss:32.7539
2023-05-24 14:10:39,073 - INFO - T1, epoch:9, loss:31.0326
2023-05-24 14:10:43,957 - INFO - T1, epoch:10, loss:29.9817
2023-05-24 14:10:48,961 - INFO - T1, epoch:11, loss:28.7580
2023-05-24 14:10:53,802 - INFO - T1, epoch:12, loss:28.8016
2023-05-24 14:10:59,349 - INFO - T1, epoch:13, loss:28.1246
2023-05-24 14:11:04,213 - INFO - T1, epoch:14, loss:26.7984
2023-05-24 14:11:09,035 - INFO - T1, epoch:15, loss:26.6325
2023-05-24 14:11:13,945 - INFO - T1, epoch:16, loss:26.4057
2023-05-24 14:11:18,871 - INFO - T1, epoch:17, loss:25.6445
2023-05-24 14:11:23,650 - INFO - T1, epoch:18, loss:25.3228
2023-05-24 14:11:28,453 - INFO - T1, epoch:19, loss:25.5097
2023-05-24 14:11:33,276 - INFO - T1, epoch:20, loss:25.4699
2023-05-24 14:12:52,484 - INFO - accuracies_val:75.90¡À5.36, accuracies:76.80¡À3.68
2023-05-24 14:12:57,228 - INFO - T1, epoch:21, loss:25.2635
2023-05-24 14:13:01,979 - INFO - T1, epoch:22, loss:24.8733
2023-05-24 14:13:06,781 - INFO - T1, epoch:23, loss:23.8078
2023-05-24 14:13:11,567 - INFO - T1, epoch:24, loss:24.3613
2023-05-24 14:13:16,371 - INFO - T1, epoch:25, loss:23.8889
2023-05-24 14:13:21,134 - INFO - T1, epoch:26, loss:23.5760
2023-05-24 14:13:25,939 - INFO - T1, epoch:27, loss:23.7784
2023-05-24 14:13:30,668 - INFO - T1, epoch:28, loss:23.7342
2023-05-24 14:13:35,396 - INFO - T1, epoch:29, loss:23.6458
2023-05-24 14:13:40,138 - INFO - T1, epoch:30, loss:23.3277
2023-05-24 14:13:44,895 - INFO - T1, epoch:31, loss:23.4728
2023-05-24 14:13:49,740 - INFO - T1, epoch:32, loss:22.8840
2023-05-24 14:13:54,495 - INFO - T1, epoch:33, loss:22.5292
2023-05-24 14:13:59,254 - INFO - T1, epoch:34, loss:22.4453
2023-05-24 14:14:04,077 - INFO - T1, epoch:35, loss:22.6648
2023-05-24 14:14:08,902 - INFO - T1, epoch:36, loss:22.1419
2023-05-24 14:14:13,736 - INFO - T1, epoch:37, loss:22.3788
2023-05-24 14:14:18,588 - INFO - T1, epoch:38, loss:22.4585
2023-05-24 14:14:23,403 - INFO - T1, epoch:39, loss:22.6019
2023-05-24 14:14:28,230 - INFO - T1, epoch:40, loss:22.3212
2023-05-24 14:15:17,651 - INFO - accuracies_val:76.00¡À2.93, accuracies:77.20¡À5.38
2023-05-24 14:15:22,380 - INFO - T1, epoch:41, loss:22.3868
2023-05-24 14:15:27,155 - INFO - T1, epoch:42, loss:22.3537
2023-05-24 14:15:31,889 - INFO - T1, epoch:43, loss:22.5106
2023-05-24 14:15:36,661 - INFO - T1, epoch:44, loss:22.3430
2023-05-24 14:15:41,487 - INFO - T1, epoch:45, loss:22.2490
2023-05-24 14:15:46,301 - INFO - T1, epoch:46, loss:22.2894
2023-05-24 14:15:51,081 - INFO - T1, epoch:47, loss:21.9538
2023-05-24 14:15:55,844 - INFO - T1, epoch:48, loss:21.9735
2023-05-24 14:16:00,681 - INFO - T1, epoch:49, loss:21.8435
2023-05-24 14:16:05,519 - INFO - T1, epoch:50, loss:21.5914
2023-05-24 14:16:10,318 - INFO - T1, epoch:51, loss:21.6492
2023-05-24 14:16:15,186 - INFO - T1, epoch:52, loss:21.6310
2023-05-24 14:16:20,001 - INFO - T1, epoch:53, loss:21.4151
2023-05-24 14:16:24,870 - INFO - T1, epoch:54, loss:21.4760
2023-05-24 14:16:29,754 - INFO - T1, epoch:55, loss:21.4838
2023-05-24 14:16:34,620 - INFO - T1, epoch:56, loss:21.4432
2023-05-24 14:16:39,483 - INFO - T1, epoch:57, loss:21.1160
2023-05-24 14:16:44,312 - INFO - T1, epoch:58, loss:21.1241
2023-05-24 14:16:49,192 - INFO - T1, epoch:59, loss:21.7541
2023-05-24 14:16:54,030 - INFO - T1, epoch:60, loss:21.5957
2023-05-24 14:17:43,939 - INFO - accuracies_val:76.70¡À3.58, accuracies:78.00¡À3.77
2023-05-24 14:17:48,731 - INFO - T1, epoch:61, loss:21.3271
2023-05-24 14:17:53,507 - INFO - T1, epoch:62, loss:21.2032
2023-05-24 14:17:58,284 - INFO - T1, epoch:63, loss:21.0429
2023-05-24 14:18:03,119 - INFO - T1, epoch:64, loss:21.0294
2023-05-24 14:18:07,936 - INFO - T1, epoch:65, loss:21.0036
2023-05-24 14:18:12,739 - INFO - T1, epoch:66, loss:20.9424
2023-05-24 14:18:17,535 - INFO - T1, epoch:67, loss:21.4100
2023-05-24 14:18:22,313 - INFO - T1, epoch:68, loss:20.8293
2023-05-24 14:18:27,115 - INFO - T1, epoch:69, loss:21.0416
2023-05-24 14:18:31,965 - INFO - T1, epoch:70, loss:21.1745
2023-05-24 14:18:36,794 - INFO - T1, epoch:71, loss:20.8677
2023-05-24 14:18:41,630 - INFO - T1, epoch:72, loss:21.0398
2023-05-24 14:18:46,649 - INFO - T1, epoch:73, loss:21.1148
2023-05-24 14:18:51,632 - INFO - T1, epoch:74, loss:20.7406
2023-05-24 14:18:56,633 - INFO - T1, epoch:75, loss:21.0806
2023-05-24 14:19:01,560 - INFO - T1, epoch:76, loss:20.6299
2023-05-24 14:19:06,551 - INFO - T1, epoch:77, loss:21.0342
2023-05-24 14:19:11,406 - INFO - T1, epoch:78, loss:20.9446
2023-05-24 14:19:16,309 - INFO - T1, epoch:79, loss:20.1992
2023-05-24 14:19:21,176 - INFO - T1, epoch:80, loss:19.9144
2023-05-24 14:20:10,814 - INFO - accuracies_val:75.70¡À3.80, accuracies:77.50¡À4.01
2023-05-24 14:20:15,609 - INFO - T1, epoch:81, loss:20.5843
2023-05-24 14:20:20,461 - INFO - T1, epoch:82, loss:20.3245
2023-05-24 14:20:25,313 - INFO - T1, epoch:83, loss:20.3118
2023-05-24 14:20:30,261 - INFO - T1, epoch:84, loss:21.2247
2023-05-24 14:20:35,258 - INFO - T1, epoch:85, loss:20.2472
2023-05-24 14:20:40,276 - INFO - T1, epoch:86, loss:20.4615
2023-05-24 14:20:45,341 - INFO - T1, epoch:87, loss:20.5888
2023-05-24 14:20:50,221 - INFO - T1, epoch:88, loss:20.6430
2023-05-24 14:20:55,129 - INFO - T1, epoch:89, loss:20.5309
2023-05-24 14:20:59,993 - INFO - T1, epoch:90, loss:20.4281
2023-05-24 14:21:05,028 - INFO - T1, epoch:91, loss:20.6071
2023-05-24 14:21:09,992 - INFO - T1, epoch:92, loss:19.9821
2023-05-24 14:21:14,855 - INFO - T1, epoch:93, loss:20.1978
2023-05-24 14:21:19,741 - INFO - T1, epoch:94, loss:20.6590
2023-05-24 14:21:24,665 - INFO - T1, epoch:95, loss:20.2827
2023-05-24 14:21:29,520 - INFO - T1, epoch:96, loss:20.5502
2023-05-24 14:21:34,390 - INFO - T1, epoch:97, loss:20.5936
2023-05-24 14:21:39,273 - INFO - T1, epoch:98, loss:20.2480
2023-05-24 14:21:44,159 - INFO - T1, epoch:99, loss:20.2293
2023-05-24 14:21:49,073 - INFO - T1, epoch:100, loss:20.2635
2023-05-24 14:22:39,316 - INFO - accuracies_val:75.50¡À4.57, accuracies:77.10¡À3.81
2023-05-24 14:22:39,317 - INFO - ### Results ###
2023-05-24 14:22:39,317 - INFO - Best Accuracy: 78.00
2023-05-24 14:22:39,317 - INFO - Duration: 769.40
2023-05-24 14:22:43,861 - INFO - Preprocessing is ok.
2023-05-24 14:22:48,623 - INFO - T2, epoch:1, loss:80.0880
2023-05-24 14:22:53,963 - INFO - T2, epoch:2, loss:52.3634
2023-05-24 14:22:58,858 - INFO - T2, epoch:3, loss:44.2729
2023-05-24 14:23:03,895 - INFO - T2, epoch:4, loss:41.2968
2023-05-24 14:23:08,725 - INFO - T2, epoch:5, loss:38.4923
2023-05-24 14:23:13,533 - INFO - T2, epoch:6, loss:36.0370
2023-05-24 14:23:18,377 - INFO - T2, epoch:7, loss:33.6569
2023-05-24 14:23:23,187 - INFO - T2, epoch:8, loss:32.0022
2023-05-24 14:23:28,068 - INFO - T2, epoch:9, loss:31.7106
2023-05-24 14:23:32,944 - INFO - T2, epoch:10, loss:30.2607
2023-05-24 14:23:37,862 - INFO - T2, epoch:11, loss:29.0982
2023-05-24 14:23:42,723 - INFO - T2, epoch:12, loss:28.7112
2023-05-24 14:23:47,606 - INFO - T2, epoch:13, loss:28.2669
2023-05-24 14:23:52,505 - INFO - T2, epoch:14, loss:27.1441
2023-05-24 14:23:57,339 - INFO - T2, epoch:15, loss:26.3297
2023-05-24 14:24:02,190 - INFO - T2, epoch:16, loss:25.8005
2023-05-24 14:24:07,092 - INFO - T2, epoch:17, loss:26.2451
2023-05-24 14:24:11,930 - INFO - T2, epoch:18, loss:25.6044
2023-05-24 14:24:16,736 - INFO - T2, epoch:19, loss:25.4749
2023-05-24 14:24:21,623 - INFO - T2, epoch:20, loss:24.9810
2023-05-24 14:25:12,059 - INFO - accuracies_val:74.00¡À4.52, accuracies:75.80¡À2.93
2023-05-24 14:25:16,856 - INFO - T2, epoch:21, loss:24.9084
2023-05-24 14:25:21,642 - INFO - T2, epoch:22, loss:24.2008
2023-05-24 14:25:26,405 - INFO - T2, epoch:23, loss:24.5665
2023-05-24 14:25:31,184 - INFO - T2, epoch:24, loss:24.0315
2023-05-24 14:25:35,979 - INFO - T2, epoch:25, loss:23.9515
2023-05-24 14:25:40,744 - INFO - T2, epoch:26, loss:23.7781
2023-05-24 14:25:45,621 - INFO - T2, epoch:27, loss:24.1336
2023-05-24 14:25:50,375 - INFO - T2, epoch:28, loss:23.7010
2023-05-24 14:25:55,145 - INFO - T2, epoch:29, loss:23.3663
2023-05-24 14:25:59,924 - INFO - T2, epoch:30, loss:23.4809
2023-05-24 14:26:04,886 - INFO - T2, epoch:31, loss:23.4587
2023-05-24 14:26:09,748 - INFO - T2, epoch:32, loss:23.1528
2023-05-24 14:26:14,821 - INFO - T2, epoch:33, loss:23.1923
2023-05-24 14:26:19,931 - INFO - T2, epoch:34, loss:22.5190
2023-05-24 14:26:24,839 - INFO - T2, epoch:35, loss:22.6681
2023-05-24 14:26:29,755 - INFO - T2, epoch:36, loss:22.5943
2023-05-24 14:26:34,666 - INFO - T2, epoch:37, loss:22.9608
2023-05-24 14:26:39,571 - INFO - T2, epoch:38, loss:22.1424
2023-05-24 14:26:44,369 - INFO - T2, epoch:39, loss:23.0887
2023-05-24 14:26:49,197 - INFO - T2, epoch:40, loss:22.2814
2023-05-24 14:27:39,259 - INFO - accuracies_val:74.30¡À4.10, accuracies:77.00¡À3.77
2023-05-24 14:27:44,047 - INFO - T2, epoch:41, loss:22.0221
2023-05-24 14:27:48,821 - INFO - T2, epoch:42, loss:22.2336
2023-05-24 14:27:53,613 - INFO - T2, epoch:43, loss:22.0262
2023-05-24 14:27:58,388 - INFO - T2, epoch:44, loss:21.9330
2023-05-24 14:28:03,151 - INFO - T2, epoch:45, loss:22.0594
2023-05-24 14:28:08,012 - INFO - T2, epoch:46, loss:21.9174
2023-05-24 14:28:12,868 - INFO - T2, epoch:47, loss:21.6264
2023-05-24 14:28:17,663 - INFO - T2, epoch:48, loss:21.8006
2023-05-24 14:28:22,466 - INFO - T2, epoch:49, loss:22.0161
2023-05-24 14:28:27,460 - INFO - T2, epoch:50, loss:21.9714
2023-05-24 14:28:33,158 - INFO - T2, epoch:51, loss:22.4147
2023-05-24 14:28:38,040 - INFO - T2, epoch:52, loss:22.1269
2023-05-24 14:28:42,967 - INFO - T2, epoch:53, loss:22.0643
2023-05-24 14:28:47,837 - INFO - T2, epoch:54, loss:21.6125
2023-05-24 14:28:52,666 - INFO - T2, epoch:55, loss:21.7353
2023-05-24 14:28:57,522 - INFO - T2, epoch:56, loss:21.3759
2023-05-24 14:29:02,399 - INFO - T2, epoch:57, loss:21.4167
2023-05-24 14:29:07,296 - INFO - T2, epoch:58, loss:21.2006
2023-05-24 14:29:12,105 - INFO - T2, epoch:59, loss:21.4851
2023-05-24 14:29:16,983 - INFO - T2, epoch:60, loss:20.9787
2023-05-24 14:30:07,838 - INFO - accuracies_val:77.70¡À4.00, accuracies:77.10¡À4.44
2023-05-24 14:30:12,639 - INFO - T2, epoch:61, loss:21.2779
2023-05-24 14:30:17,389 - INFO - T2, epoch:62, loss:21.3778
2023-05-24 14:30:22,173 - INFO - T2, epoch:63, loss:21.1146
2023-05-24 14:30:26,925 - INFO - T2, epoch:64, loss:20.7547
2023-05-24 14:30:31,721 - INFO - T2, epoch:65, loss:21.5009
2023-05-24 14:30:36,500 - INFO - T2, epoch:66, loss:20.8546
2023-05-24 14:30:41,286 - INFO - T2, epoch:67, loss:20.7771
2023-05-24 14:30:46,087 - INFO - T2, epoch:68, loss:21.5908
2023-05-24 14:30:50,870 - INFO - T2, epoch:69, loss:20.7177
2023-05-24 14:30:55,698 - INFO - T2, epoch:70, loss:21.2039
2023-05-24 14:31:00,475 - INFO - T2, epoch:71, loss:21.1664
2023-05-24 14:31:05,302 - INFO - T2, epoch:72, loss:20.4834
2023-05-24 14:31:10,112 - INFO - T2, epoch:73, loss:20.7022
2023-05-24 14:31:15,001 - INFO - T2, epoch:74, loss:20.9415
2023-05-24 14:31:19,877 - INFO - T2, epoch:75, loss:21.1388
2023-05-24 14:31:24,838 - INFO - T2, epoch:76, loss:20.9403
2023-05-24 14:31:29,757 - INFO - T2, epoch:77, loss:20.7846
2023-05-24 14:31:34,664 - INFO - T2, epoch:78, loss:20.3589
2023-05-24 14:31:39,497 - INFO - T2, epoch:79, loss:20.9986
2023-05-24 14:31:44,314 - INFO - T2, epoch:80, loss:20.9173
2023-05-24 14:32:34,168 - INFO - accuracies_val:74.70¡À3.49, accuracies:76.70¡À3.69
2023-05-24 14:32:39,229 - INFO - T2, epoch:81, loss:20.5703
2023-05-24 14:32:44,035 - INFO - T2, epoch:82, loss:20.1185
2023-05-24 14:32:48,845 - INFO - T2, epoch:83, loss:20.2790
2023-05-24 14:32:53,650 - INFO - T2, epoch:84, loss:21.2532
2023-05-24 14:32:58,460 - INFO - T2, epoch:85, loss:20.5660
2023-05-24 14:33:03,288 - INFO - T2, epoch:86, loss:20.3965
2023-05-24 14:33:08,090 - INFO - T2, epoch:87, loss:20.7913
2023-05-24 14:33:12,886 - INFO - T2, epoch:88, loss:20.1867
2023-05-24 14:33:17,697 - INFO - T2, epoch:89, loss:20.7507
2023-05-24 14:33:22,479 - INFO - T2, epoch:90, loss:20.5693
2023-05-24 14:33:27,242 - INFO - T2, epoch:91, loss:20.9397
2023-05-24 14:33:32,000 - INFO - T2, epoch:92, loss:20.4487
2023-05-24 14:33:36,807 - INFO - T2, epoch:93, loss:20.0619
2023-05-24 14:33:41,655 - INFO - T2, epoch:94, loss:20.6641
2023-05-24 14:33:46,480 - INFO - T2, epoch:95, loss:20.1769
2023-05-24 14:33:51,347 - INFO - T2, epoch:96, loss:20.6789
2023-05-24 14:33:56,176 - INFO - T2, epoch:97, loss:20.1392
2023-05-24 14:34:01,011 - INFO - T2, epoch:98, loss:20.5569
2023-05-24 14:34:05,955 - INFO - T2, epoch:99, loss:20.7145
2023-05-24 14:34:10,815 - INFO - T2, epoch:100, loss:20.2920
2023-05-24 14:35:00,092 - INFO - accuracies_val:74.00¡À5.40, accuracies:77.00¡À4.22
2023-05-24 14:35:00,093 - INFO - ### Results ###
2023-05-24 14:35:00,093 - INFO - Best Accuracy: 77.10
2023-05-24 14:35:00,093 - INFO - Duration: 740.78
2023-05-24 14:35:04,502 - INFO - Preprocessing is ok.
2023-05-24 14:35:09,255 - INFO - T3, epoch:1, loss:78.1743
2023-05-24 14:35:14,006 - INFO - T3, epoch:2, loss:52.5038
2023-05-24 14:35:18,732 - INFO - T3, epoch:3, loss:44.8291
2023-05-24 14:35:23,472 - INFO - T3, epoch:4, loss:41.6902
2023-05-24 14:35:28,208 - INFO - T3, epoch:5, loss:38.3657
2023-05-24 14:35:33,027 - INFO - T3, epoch:6, loss:35.9344
2023-05-24 14:35:37,770 - INFO - T3, epoch:7, loss:34.6045
2023-05-24 14:35:42,564 - INFO - T3, epoch:8, loss:32.4460
2023-05-24 14:35:47,309 - INFO - T3, epoch:9, loss:31.0704
2023-05-24 14:35:52,112 - INFO - T3, epoch:10, loss:30.2690
2023-05-24 14:35:56,963 - INFO - T3, epoch:11, loss:28.8851
2023-05-24 14:36:01,736 - INFO - T3, epoch:12, loss:27.9591
2023-05-24 14:36:06,740 - INFO - T3, epoch:13, loss:27.4179
2023-05-24 14:36:11,527 - INFO - T3, epoch:14, loss:26.9789
2023-05-24 14:36:16,289 - INFO - T3, epoch:15, loss:27.3589
2023-05-24 14:36:21,118 - INFO - T3, epoch:16, loss:26.4633
2023-05-24 14:36:25,897 - INFO - T3, epoch:17, loss:25.4097
2023-05-24 14:36:30,813 - INFO - T3, epoch:18, loss:25.5648
2023-05-24 14:36:35,658 - INFO - T3, epoch:19, loss:25.0598
2023-05-24 14:36:40,460 - INFO - T3, epoch:20, loss:24.1432
2023-05-24 14:37:30,485 - INFO - accuracies_val:76.60¡À5.48, accuracies:76.40¡À3.14
2023-05-24 14:37:35,255 - INFO - T3, epoch:21, loss:24.7383
2023-05-24 14:37:39,994 - INFO - T3, epoch:22, loss:24.2663
2023-05-24 14:37:44,688 - INFO - T3, epoch:23, loss:23.8688
2023-05-24 14:37:49,475 - INFO - T3, epoch:24, loss:24.3987
2023-05-24 14:37:54,292 - INFO - T3, epoch:25, loss:23.9338
2023-05-24 14:37:59,113 - INFO - T3, epoch:26, loss:23.2537
2023-05-24 14:38:03,987 - INFO - T3, epoch:27, loss:23.6988
2023-05-24 14:38:08,805 - INFO - T3, epoch:28, loss:24.1889
2023-05-24 14:38:13,577 - INFO - T3, epoch:29, loss:23.8552
2023-05-24 14:38:18,344 - INFO - T3, epoch:30, loss:23.4936
2023-05-24 14:38:23,114 - INFO - T3, epoch:31, loss:23.4093
2023-05-24 14:38:27,916 - INFO - T3, epoch:32, loss:22.8685
2023-05-24 14:38:32,731 - INFO - T3, epoch:33, loss:23.3024
2023-05-24 14:38:37,555 - INFO - T3, epoch:34, loss:22.9834
2023-05-24 14:38:42,313 - INFO - T3, epoch:35, loss:22.6866
2023-05-24 14:38:47,079 - INFO - T3, epoch:36, loss:22.9318
2023-05-24 14:38:52,012 - INFO - T3, epoch:37, loss:22.6293
2023-05-24 14:38:56,827 - INFO - T3, epoch:38, loss:22.7554
2023-05-24 14:39:01,655 - INFO - T3, epoch:39, loss:22.5248
2023-05-24 14:39:07,333 - INFO - T3, epoch:40, loss:22.5655
2023-05-24 14:39:59,599 - INFO - accuracies_val:78.40¡À4.94, accuracies:76.70¡À3.23
2023-05-24 14:40:04,400 - INFO - T3, epoch:41, loss:22.4591
2023-05-24 14:40:09,220 - INFO - T3, epoch:42, loss:22.5234
2023-05-24 14:40:14,146 - INFO - T3, epoch:43, loss:22.7770
2023-05-24 14:40:19,287 - INFO - T3, epoch:44, loss:21.9458
2023-05-24 14:40:24,389 - INFO - T3, epoch:45, loss:22.1505
2023-05-24 14:40:29,166 - INFO - T3, epoch:46, loss:22.1043
2023-05-24 14:40:34,006 - INFO - T3, epoch:47, loss:21.9944
2023-05-24 14:40:38,854 - INFO - T3, epoch:48, loss:22.1518
2023-05-24 14:40:43,709 - INFO - T3, epoch:49, loss:22.1584
2023-05-24 14:40:48,510 - INFO - T3, epoch:50, loss:22.5588
2023-05-24 14:40:53,589 - INFO - T3, epoch:51, loss:22.1769
2023-05-24 14:40:58,649 - INFO - T3, epoch:52, loss:22.1595
2023-05-24 14:41:03,631 - INFO - T3, epoch:53, loss:21.9869
2023-05-24 14:41:08,504 - INFO - T3, epoch:54, loss:22.0621
2023-05-24 14:41:13,342 - INFO - T3, epoch:55, loss:21.7070
2023-05-24 14:41:18,755 - INFO - T3, epoch:56, loss:21.6895
2023-05-24 14:41:24,212 - INFO - T3, epoch:57, loss:22.0346
2023-05-24 14:41:29,115 - INFO - T3, epoch:58, loss:21.1591
2023-05-24 14:41:33,979 - INFO - T3, epoch:59, loss:21.0516
2023-05-24 14:41:38,904 - INFO - T3, epoch:60, loss:21.1543
2023-05-24 14:42:31,302 - INFO - accuracies_val:77.60¡À3.04, accuracies:77.50¡À3.91
2023-05-24 14:42:36,108 - INFO - T3, epoch:61, loss:20.7849
2023-05-24 14:42:40,900 - INFO - T3, epoch:62, loss:20.8484
2023-05-24 14:42:45,756 - INFO - T3, epoch:63, loss:21.2906
2023-05-24 14:42:50,621 - INFO - T3, epoch:64, loss:21.2873
2023-05-24 14:42:55,513 - INFO - T3, epoch:65, loss:20.6849
2023-05-24 14:43:00,394 - INFO - T3, epoch:66, loss:20.8338
2023-05-24 14:43:05,299 - INFO - T3, epoch:67, loss:21.3187
2023-05-24 14:43:10,193 - INFO - T3, epoch:68, loss:21.2421
2023-05-24 14:43:15,260 - INFO - T3, epoch:69, loss:21.2019
2023-05-24 14:43:20,429 - INFO - T3, epoch:70, loss:20.4246
2023-05-24 14:43:25,437 - INFO - T3, epoch:71, loss:20.5024
2023-05-24 14:43:30,465 - INFO - T3, epoch:72, loss:21.2705
2023-05-24 14:43:35,663 - INFO - T3, epoch:73, loss:21.1537
2023-05-24 14:43:40,659 - INFO - T3, epoch:74, loss:20.7069
2023-05-24 14:43:45,598 - INFO - T3, epoch:75, loss:20.9566
2023-05-24 14:43:50,505 - INFO - T3, epoch:76, loss:20.8582
2023-05-24 14:43:55,463 - INFO - T3, epoch:77, loss:20.6825
2023-05-24 14:44:00,377 - INFO - T3, epoch:78, loss:20.6651
2023-05-24 14:44:05,353 - INFO - T3, epoch:79, loss:20.8844
2023-05-24 14:44:10,291 - INFO - T3, epoch:80, loss:20.4593
2023-05-24 14:45:01,803 - INFO - accuracies_val:75.20¡À5.10, accuracies:76.50¡À3.32
2023-05-24 14:45:06,788 - INFO - T3, epoch:81, loss:21.0046
2023-05-24 14:45:11,651 - INFO - T3, epoch:82, loss:20.7340
2023-05-24 14:45:16,550 - INFO - T3, epoch:83, loss:20.9421
2023-05-24 14:45:21,558 - INFO - T3, epoch:84, loss:20.7023
2023-05-24 14:45:26,599 - INFO - T3, epoch:85, loss:20.2488
2023-05-24 14:45:31,448 - INFO - T3, epoch:86, loss:20.4534
2023-05-24 14:45:36,327 - INFO - T3, epoch:87, loss:20.3071
2023-05-24 14:45:41,245 - INFO - T3, epoch:88, loss:20.0384
2023-05-24 14:45:46,224 - INFO - T3, epoch:89, loss:20.4718
2023-05-24 14:45:51,141 - INFO - T3, epoch:90, loss:20.8074
2023-05-24 14:45:56,292 - INFO - T3, epoch:91, loss:21.0262
2023-05-24 14:46:01,231 - INFO - T3, epoch:92, loss:20.5678
2023-05-24 14:46:06,308 - INFO - T3, epoch:93, loss:20.5841
2023-05-24 14:46:11,376 - INFO - T3, epoch:94, loss:20.7143
2023-05-24 14:46:16,363 - INFO - T3, epoch:95, loss:20.2721
2023-05-24 14:46:21,472 - INFO - T3, epoch:96, loss:20.0153
2023-05-24 14:46:26,513 - INFO - T3, epoch:97, loss:19.8774
2023-05-24 14:46:31,753 - INFO - T3, epoch:98, loss:20.5876
2023-05-24 14:46:36,857 - INFO - T3, epoch:99, loss:19.7567
2023-05-24 14:46:41,995 - INFO - T3, epoch:100, loss:20.1966
2023-05-24 14:47:32,102 - INFO - accuracies_val:76.20¡À4.21, accuracies:77.00¡À3.55
2023-05-24 14:47:32,103 - INFO - ### Results ###
2023-05-24 14:47:32,103 - INFO - Best Accuracy: 76.70
2023-05-24 14:47:32,103 - INFO - Duration: 752.01
2023-05-24 14:47:36,548 - INFO - Preprocessing is ok.
2023-05-24 14:47:41,505 - INFO - T4, epoch:1, loss:75.9949
2023-05-24 14:47:46,413 - INFO - T4, epoch:2, loss:50.2026
2023-05-24 14:47:51,340 - INFO - T4, epoch:3, loss:44.5321
2023-05-24 14:47:56,182 - INFO - T4, epoch:4, loss:40.4590
2023-05-24 14:48:01,035 - INFO - T4, epoch:5, loss:38.0527
2023-05-24 14:48:05,980 - INFO - T4, epoch:6, loss:35.7165
2023-05-24 14:48:10,836 - INFO - T4, epoch:7, loss:33.6185
2023-05-24 14:48:15,724 - INFO - T4, epoch:8, loss:31.6538
2023-05-24 14:48:20,632 - INFO - T4, epoch:9, loss:31.1787
2023-05-24 14:48:25,581 - INFO - T4, epoch:10, loss:29.4840
2023-05-24 14:48:30,581 - INFO - T4, epoch:11, loss:28.5966
2023-05-24 14:48:35,452 - INFO - T4, epoch:12, loss:27.8826
2023-05-24 14:48:40,435 - INFO - T4, epoch:13, loss:27.3380
2023-05-24 14:48:45,299 - INFO - T4, epoch:14, loss:26.7430
2023-05-24 14:48:50,144 - INFO - T4, epoch:15, loss:27.0144
2023-05-24 14:48:55,174 - INFO - T4, epoch:16, loss:26.6097
2023-05-24 14:49:00,527 - INFO - T4, epoch:17, loss:25.8018
2023-05-24 14:49:05,362 - INFO - T4, epoch:18, loss:25.5513
2023-05-24 14:49:10,180 - INFO - T4, epoch:19, loss:25.7248
2023-05-24 14:49:15,010 - INFO - T4, epoch:20, loss:25.0280
2023-05-24 14:50:08,223 - INFO - accuracies_val:75.50¡À5.20, accuracies:76.50¡À3.47
2023-05-24 14:50:13,036 - INFO - T4, epoch:21, loss:24.9158
2023-05-24 14:50:18,002 - INFO - T4, epoch:22, loss:24.4993
2023-05-24 14:50:22,848 - INFO - T4, epoch:23, loss:23.8902
2023-05-24 14:50:27,715 - INFO - T4, epoch:24, loss:23.6134
2023-05-24 14:50:32,850 - INFO - T4, epoch:25, loss:24.1980
2023-05-24 14:50:37,734 - INFO - T4, epoch:26, loss:23.8181
2023-05-24 14:50:42,552 - INFO - T4, epoch:27, loss:23.9704
2023-05-24 14:50:47,531 - INFO - T4, epoch:28, loss:23.2948
2023-05-24 14:50:52,669 - INFO - T4, epoch:29, loss:23.0472
2023-05-24 14:50:57,926 - INFO - T4, epoch:30, loss:23.5403
2023-05-24 14:51:03,113 - INFO - T4, epoch:31, loss:23.4794
2023-05-24 14:51:07,977 - INFO - T4, epoch:32, loss:22.8509
2023-05-24 14:51:13,024 - INFO - T4, epoch:33, loss:22.9007
2023-05-24 14:51:17,974 - INFO - T4, epoch:34, loss:22.9650
2023-05-24 14:51:23,011 - INFO - T4, epoch:35, loss:23.1871
2023-05-24 14:51:28,321 - INFO - T4, epoch:36, loss:22.9642
2023-05-24 14:51:33,261 - INFO - T4, epoch:37, loss:22.5720
2023-05-24 14:51:38,149 - INFO - T4, epoch:38, loss:22.3879
2023-05-24 14:51:43,056 - INFO - T4, epoch:39, loss:22.6033
2023-05-24 14:51:47,959 - INFO - T4, epoch:40, loss:22.2220
2023-05-24 14:52:39,893 - INFO - accuracies_val:77.50¡À5.02, accuracies:77.80¡À3.06
2023-05-24 14:52:44,698 - INFO - T4, epoch:41, loss:22.2245
2023-05-24 14:52:49,506 - INFO - T4, epoch:42, loss:21.9055
2023-05-24 14:52:54,326 - INFO - T4, epoch:43, loss:22.2811
2023-05-24 14:52:59,122 - INFO - T4, epoch:44, loss:22.5256
2023-05-24 14:53:03,967 - INFO - T4, epoch:45, loss:22.0055
2023-05-24 14:53:08,813 - INFO - T4, epoch:46, loss:21.9666
2023-05-24 14:53:13,703 - INFO - T4, epoch:47, loss:22.1931
2023-05-24 14:53:18,610 - INFO - T4, epoch:48, loss:21.6643
2023-05-24 14:53:23,467 - INFO - T4, epoch:49, loss:21.4137
2023-05-24 14:53:28,278 - INFO - T4, epoch:50, loss:21.7062
2023-05-24 14:53:33,172 - INFO - T4, epoch:51, loss:21.6118
2023-05-24 14:53:38,233 - INFO - T4, epoch:52, loss:21.6801
2023-05-24 14:53:43,184 - INFO - T4, epoch:53, loss:21.8312
2023-05-24 14:53:48,132 - INFO - T4, epoch:54, loss:21.5523
2023-05-24 14:53:53,077 - INFO - T4, epoch:55, loss:21.0292
2023-05-24 14:53:57,963 - INFO - T4, epoch:56, loss:21.5754
2023-05-24 14:54:03,009 - INFO - T4, epoch:57, loss:21.1610
2023-05-24 14:54:08,055 - INFO - T4, epoch:58, loss:20.6504
2023-05-24 14:54:13,209 - INFO - T4, epoch:59, loss:21.2487
2023-05-24 14:54:18,437 - INFO - T4, epoch:60, loss:20.9910
2023-05-24 14:55:09,699 - INFO - accuracies_val:75.30¡À2.69, accuracies:77.00¡À3.07
2023-05-24 14:55:14,651 - INFO - T4, epoch:61, loss:21.0095
2023-05-24 14:55:19,602 - INFO - T4, epoch:62, loss:20.9457
2023-05-24 14:55:24,532 - INFO - T4, epoch:63, loss:21.4221
2023-05-24 14:55:29,414 - INFO - T4, epoch:64, loss:21.2091
2023-05-24 14:55:34,342 - INFO - T4, epoch:65, loss:20.6085
2023-05-24 14:55:39,341 - INFO - T4, epoch:66, loss:20.4895
2023-05-24 14:55:44,393 - INFO - T4, epoch:67, loss:20.8955
2023-05-24 14:55:49,402 - INFO - T4, epoch:68, loss:20.5943
2023-05-24 14:55:54,307 - INFO - T4, epoch:69, loss:20.7075
2023-05-24 14:55:59,250 - INFO - T4, epoch:70, loss:20.9931
2023-05-24 14:56:04,428 - INFO - T4, epoch:71, loss:21.1346
2023-05-24 14:56:09,600 - INFO - T4, epoch:72, loss:20.7258
2023-05-24 14:56:14,547 - INFO - T4, epoch:73, loss:20.7943
2023-05-24 14:56:19,611 - INFO - T4, epoch:74, loss:20.9738
2023-05-24 14:56:24,570 - INFO - T4, epoch:75, loss:20.8222
2023-05-24 14:56:29,774 - INFO - T4, epoch:76, loss:20.7742
2023-05-24 14:56:34,782 - INFO - T4, epoch:77, loss:20.3850
2023-05-24 14:56:39,920 - INFO - T4, epoch:78, loss:20.8568
2023-05-24 14:56:44,920 - INFO - T4, epoch:79, loss:20.8800
2023-05-24 14:56:49,891 - INFO - T4, epoch:80, loss:20.6426
2023-05-24 14:57:42,762 - INFO - accuracies_val:75.10¡À3.96, accuracies:76.60¡À3.17
2023-05-24 14:57:47,635 - INFO - T4, epoch:81, loss:20.4140
2023-05-24 14:57:52,495 - INFO - T4, epoch:82, loss:20.2353
2023-05-24 14:57:57,417 - INFO - T4, epoch:83, loss:20.5903
2023-05-24 14:58:02,337 - INFO - T4, epoch:84, loss:20.3541
2023-05-24 14:58:07,301 - INFO - T4, epoch:85, loss:19.9563
2023-05-24 14:58:12,264 - INFO - T4, epoch:86, loss:20.7952
2023-05-24 14:58:17,130 - INFO - T4, epoch:87, loss:20.4295
2023-05-24 14:58:22,219 - INFO - T4, epoch:88, loss:20.3013
2023-05-24 14:58:27,103 - INFO - T4, epoch:89, loss:20.4471
2023-05-24 14:58:31,990 - INFO - T4, epoch:90, loss:20.1145
2023-05-24 14:58:36,847 - INFO - T4, epoch:91, loss:20.8215
2023-05-24 14:58:41,737 - INFO - T4, epoch:92, loss:20.0801
2023-05-24 14:58:46,587 - INFO - T4, epoch:93, loss:20.0525
2023-05-24 14:58:51,490 - INFO - T4, epoch:94, loss:20.5124
2023-05-24 14:58:56,415 - INFO - T4, epoch:95, loss:19.9146
2023-05-24 14:59:01,295 - INFO - T4, epoch:96, loss:20.2738
2023-05-24 14:59:06,313 - INFO - T4, epoch:97, loss:20.0352
2023-05-24 14:59:11,270 - INFO - T4, epoch:98, loss:20.2271
2023-05-24 14:59:16,143 - INFO - T4, epoch:99, loss:19.6433
2023-05-24 14:59:21,121 - INFO - T4, epoch:100, loss:20.4364
2023-05-24 15:00:12,509 - INFO - accuracies_val:76.40¡À2.62, accuracies:75.50¡À3.50
2023-05-24 15:00:12,510 - INFO - ### Results ###
2023-05-24 15:00:12,510 - INFO - Best Accuracy: 77.80
2023-05-24 15:00:12,510 - INFO - Duration: 760.41
2023-05-24 15:00:17,200 - INFO - Preprocessing is ok.
2023-05-24 15:00:22,023 - INFO - T5, epoch:1, loss:80.3270
2023-05-24 15:00:26,977 - INFO - T5, epoch:2, loss:53.5566
2023-05-24 15:00:31,865 - INFO - T5, epoch:3, loss:46.4163
2023-05-24 15:00:37,170 - INFO - T5, epoch:4, loss:42.0500
2023-05-24 15:00:42,049 - INFO - T5, epoch:5, loss:38.7647
2023-05-24 15:00:46,987 - INFO - T5, epoch:6, loss:36.5418
2023-05-24 15:00:51,870 - INFO - T5, epoch:7, loss:35.2077
2023-05-24 15:00:57,227 - INFO - T5, epoch:8, loss:34.0879
2023-05-24 15:01:02,454 - INFO - T5, epoch:9, loss:32.2700
2023-05-24 15:01:07,363 - INFO - T5, epoch:10, loss:31.4246
2023-05-24 15:01:12,198 - INFO - T5, epoch:11, loss:29.4621
2023-05-24 15:01:17,109 - INFO - T5, epoch:12, loss:29.5083
2023-05-24 15:01:21,992 - INFO - T5, epoch:13, loss:28.5160
2023-05-24 15:01:26,798 - INFO - T5, epoch:14, loss:27.8124
2023-05-24 15:01:31,725 - INFO - T5, epoch:15, loss:27.1032
2023-05-24 15:01:36,609 - INFO - T5, epoch:16, loss:27.0417
2023-05-24 15:01:41,502 - INFO - T5, epoch:17, loss:26.3927
2023-05-24 15:01:46,446 - INFO - T5, epoch:18, loss:26.0821
2023-05-24 15:01:51,347 - INFO - T5, epoch:19, loss:25.7585
2023-05-24 15:01:56,384 - INFO - T5, epoch:20, loss:25.4429
2023-05-24 15:02:49,534 - INFO - accuracies_val:76.90¡À3.39, accuracies:77.00¡À3.79
2023-05-24 15:02:54,376 - INFO - T5, epoch:21, loss:24.4342
2023-05-24 15:02:59,231 - INFO - T5, epoch:22, loss:24.5725
2023-05-24 15:03:04,037 - INFO - T5, epoch:23, loss:24.1525
2023-05-24 15:03:08,786 - INFO - T5, epoch:24, loss:24.2517
2023-05-24 15:03:13,555 - INFO - T5, epoch:25, loss:24.0804
2023-05-24 15:03:18,299 - INFO - T5, epoch:26, loss:24.7363
2023-05-24 15:03:23,114 - INFO - T5, epoch:27, loss:23.9721
2023-05-24 15:03:27,864 - INFO - T5, epoch:28, loss:23.8278
2023-05-24 15:03:32,579 - INFO - T5, epoch:29, loss:23.3530
2023-05-24 15:03:37,377 - INFO - T5, epoch:30, loss:23.3632
2023-05-24 15:03:42,100 - INFO - T5, epoch:31, loss:22.8898
2023-05-24 15:03:46,869 - INFO - T5, epoch:32, loss:22.8960
2023-05-24 15:03:51,648 - INFO - T5, epoch:33, loss:23.3500
2023-05-24 15:03:56,461 - INFO - T5, epoch:34, loss:23.4382
2023-05-24 15:04:01,263 - INFO - T5, epoch:35, loss:22.6023
2023-05-24 15:04:06,104 - INFO - T5, epoch:36, loss:22.5908
2023-05-24 15:04:10,945 - INFO - T5, epoch:37, loss:22.5026
2023-05-24 15:04:15,756 - INFO - T5, epoch:38, loss:22.5053
2023-05-24 15:04:20,578 - INFO - T5, epoch:39, loss:22.3817
2023-05-24 15:04:25,364 - INFO - T5, epoch:40, loss:22.3351
2023-05-24 15:05:14,982 - INFO - accuracies_val:75.80¡À3.54, accuracies:76.80¡À4.96
2023-05-24 15:05:19,771 - INFO - T5, epoch:41, loss:22.3903
2023-05-24 15:05:24,521 - INFO - T5, epoch:42, loss:21.9620
2023-05-24 15:05:29,363 - INFO - T5, epoch:43, loss:22.5530
2023-05-24 15:05:34,151 - INFO - T5, epoch:44, loss:22.1472
2023-05-24 15:05:38,946 - INFO - T5, epoch:45, loss:22.3183
2023-05-24 15:05:43,721 - INFO - T5, epoch:46, loss:21.9203
2023-05-24 15:05:48,515 - INFO - T5, epoch:47, loss:21.7586
2023-05-24 15:05:53,341 - INFO - T5, epoch:48, loss:21.5083
2023-05-24 15:05:58,149 - INFO - T5, epoch:49, loss:21.4234
2023-05-24 15:06:02,995 - INFO - T5, epoch:50, loss:21.3672
2023-05-24 15:06:07,826 - INFO - T5, epoch:51, loss:22.0501
2023-05-24 15:06:12,657 - INFO - T5, epoch:52, loss:21.4390
2023-05-24 15:06:17,472 - INFO - T5, epoch:53, loss:21.6716
2023-05-24 15:06:22,371 - INFO - T5, epoch:54, loss:21.4290
2023-05-24 15:06:27,204 - INFO - T5, epoch:55, loss:21.4860
2023-05-24 15:06:32,057 - INFO - T5, epoch:56, loss:21.4299
2023-05-24 15:06:36,904 - INFO - T5, epoch:57, loss:21.8208
2023-05-24 15:06:41,738 - INFO - T5, epoch:58, loss:21.5250
2023-05-24 15:06:46,565 - INFO - T5, epoch:59, loss:21.2159
2023-05-24 15:06:51,413 - INFO - T5, epoch:60, loss:21.0545
2023-05-24 15:07:41,504 - INFO - accuracies_val:76.60¡À3.69, accuracies:76.70¡À4.34
2023-05-24 15:07:46,316 - INFO - T5, epoch:61, loss:21.1327
2023-05-24 15:07:51,124 - INFO - T5, epoch:62, loss:20.9307
2023-05-24 15:07:55,935 - INFO - T5, epoch:63, loss:21.1928
2023-05-24 15:08:00,710 - INFO - T5, epoch:64, loss:21.3304
2023-05-24 15:08:05,567 - INFO - T5, epoch:65, loss:21.1820
2023-05-24 15:08:10,378 - INFO - T5, epoch:66, loss:21.0613
2023-05-24 15:08:15,152 - INFO - T5, epoch:67, loss:21.1760
2023-05-24 15:08:19,945 - INFO - T5, epoch:68, loss:21.1505
2023-05-24 15:08:24,710 - INFO - T5, epoch:69, loss:21.0090
2023-05-24 15:08:29,527 - INFO - T5, epoch:70, loss:20.5652
2023-05-24 15:08:34,329 - INFO - T5, epoch:71, loss:21.1085
2023-05-24 15:08:39,195 - INFO - T5, epoch:72, loss:21.0084
2023-05-24 15:08:43,999 - INFO - T5, epoch:73, loss:21.0924
2023-05-24 15:08:48,816 - INFO - T5, epoch:74, loss:20.5543
2023-05-24 15:08:53,664 - INFO - T5, epoch:75, loss:20.2449
2023-05-24 15:08:58,704 - INFO - T5, epoch:76, loss:20.2912
2023-05-24 15:09:03,640 - INFO - T5, epoch:77, loss:20.4276
2023-05-24 15:09:08,504 - INFO - T5, epoch:78, loss:20.8770
2023-05-24 15:09:13,389 - INFO - T5, epoch:79, loss:20.7142
2023-05-24 15:09:18,268 - INFO - T5, epoch:80, loss:20.7383
2023-05-24 15:10:08,344 - INFO - accuracies_val:74.40¡À5.22, accuracies:78.60¡À3.98
2023-05-24 15:10:13,103 - INFO - T5, epoch:81, loss:20.7268
2023-05-24 15:10:17,893 - INFO - T5, epoch:82, loss:21.3874
2023-05-24 15:10:22,707 - INFO - T5, epoch:83, loss:20.3625
2023-05-24 15:10:27,547 - INFO - T5, epoch:84, loss:20.6943
2023-05-24 15:10:32,342 - INFO - T5, epoch:85, loss:20.7559
2023-05-24 15:10:37,124 - INFO - T5, epoch:86, loss:20.3620
2023-05-24 15:10:41,923 - INFO - T5, epoch:87, loss:20.6108
2023-05-24 15:10:46,700 - INFO - T5, epoch:88, loss:20.5512
2023-05-24 15:10:51,536 - INFO - T5, epoch:89, loss:20.8276
2023-05-24 15:10:56,372 - INFO - T5, epoch:90, loss:20.6936
2023-05-24 15:11:01,170 - INFO - T5, epoch:91, loss:21.0562
2023-05-24 15:11:06,046 - INFO - T5, epoch:92, loss:20.3553
2023-05-24 15:11:10,855 - INFO - T5, epoch:93, loss:20.1498
2023-05-24 15:11:15,713 - INFO - T5, epoch:94, loss:20.2953
2023-05-24 15:11:20,529 - INFO - T5, epoch:95, loss:20.1423
2023-05-24 15:11:25,404 - INFO - T5, epoch:96, loss:19.9028
2023-05-24 15:11:30,245 - INFO - T5, epoch:97, loss:20.5079
2023-05-24 15:11:35,155 - INFO - T5, epoch:98, loss:20.2581
2023-05-24 15:11:40,025 - INFO - T5, epoch:99, loss:20.3929
2023-05-24 15:11:44,909 - INFO - T5, epoch:100, loss:20.2602
2023-05-24 15:12:35,730 - INFO - accuracies_val:77.70¡À2.76, accuracies:76.80¡À3.31
2023-05-24 15:12:35,731 - INFO - ### Results ###
2023-05-24 15:12:35,731 - INFO - Best Accuracy: 76.80
2023-05-24 15:12:35,731 - INFO - Duration: 743.22
2023-05-24 15:12:35,731 - INFO - ### Final Results ###
2023-05-24 15:12:35,731 - INFO - Final Best Accuracy: 77.28¡À0.53
2023-05-24 15:12:35,731 - INFO - AVG Duration: 753.16
2023-05-24 15:12:35,731 - INFO - AVG Duration/epoch: 7.53
